[21:38:41] [ServerMain/INFO]: Environment: Environment[sessionHost=https://sessionserver.mojang.com, servicesHost=https://api.minecraftservices.com, profilesHost=https://api.mojang.com, name=PROD]
[21:38:42] [ServerMain/INFO]: Loaded 1461 recipes
[21:38:42] [ServerMain/INFO]: Loaded 1574 advancements
[21:38:42] [Server thread/INFO]: Starting minecraft server version 1.21.10
[21:38:42] [Server thread/INFO]: Loading properties
[21:38:42] [Server thread/INFO]: Default game type: SURVIVAL
[21:38:42] [Server thread/INFO]: Generating keypair
[21:38:42] [Server thread/INFO]: Starting Minecraft server on *:25565
[21:38:43] [Server thread/INFO]: Using epoll channel type
[21:38:43] [Server thread/WARN]: **** SERVER IS RUNNING IN OFFLINE/INSECURE MODE!
[21:38:43] [Server thread/WARN]: The server will make no attempt to authenticate usernames. Beware.
[21:38:43] [Server thread/WARN]: While this makes the game possible to play without internet access, it also opens up the ability for hackers to connect with any username they choose.
[21:38:43] [Server thread/WARN]: To change this, set "online-mode" to "true" in the server.properties file.
[21:38:43] [Server thread/INFO]: Preparing level "world"
[21:38:43] [Server thread/INFO]: Loading 0 persistent chunks...
[21:38:43] [Server thread/INFO]: Preparing spawn area: 100%
[21:38:43] [Server thread/INFO]: Time elapsed: 11 ms
[21:38:43] [Server thread/INFO]: Done (0.347s)! For help, type "help"
[21:38:54] [Server thread/INFO]: LenzGOTY[/127.2.170.146:40153] logged in with entity id 78 at (-335.59829047225367, 70.0, 517.3148250412384)
[21:38:54] [Server thread/INFO]: LenzGOTY joined the game
[21:42:50] [Server thread/INFO]: Unknown or incomplete command. See below for error
[21:42:50] [Server thread/INFO]: zsay hola<--[HERE]
[22:20:59] [Server thread/INFO]: Villager cyx['Librarian'/3711, l='ServerLevel[world]', x=-343.70, y=70.94, z=533.70] died, message: 'Librarian was slain by LenzGOTY'
[22:21:00] [Server thread/INFO]: Villager cyx['Villager'/3707, l='ServerLevel[world]', x=-343.30, y=71.81, z=533.70] died, message: 'Villager was slain by LenzGOTY'
[22:21:02] [Server thread/INFO]: Villager cyx['Librarian'/3710, l='ServerLevel[world]', x=-343.51, y=70.94, z=533.70] died, message: 'Librarian was burned to a crisp while fighting LenzGOTY'
[23:23:40] [Server thread/INFO]: [LenzGOTY: Set own game mode to Survival Mode]
[23:27:51] [Server thread/INFO]: LenzGOTY lost connection: Disconnected
[23:27:51] [Server thread/INFO]: LenzGOTY left the game
[23:28:47] [Server thread/INFO]: Stopping the server
[23:28:47] [Server thread/INFO]: Stopping server
[23:28:47] [Server thread/INFO]: Saving players
[23:28:47] [Server thread/INFO]: Saving worlds
[23:28:47] [Server thread/INFO]: Saving chunks for level 'ServerLevel[world]'/minecraft:overworld
[23:28:47] [Server thread/INFO]: Saving chunks for level 'ServerLevel[world]'/minecraft:the_end
[23:28:47] [Server thread/INFO]: Saving chunks for level 'ServerLevel[world]'/minecraft:the_nether
[23:28:47] [Server thread/INFO]: ThreadedAnvilChunkStorage (world): All chunks are saved
[23:28:47] [Server thread/INFO]: ThreadedAnvilChunkStorage (DIM1): All chunks are saved
[23:28:47] [Server thread/INFO]: ThreadedAnvilChunkStorage (DIM-1): All chunks are saved
[23:28:47] [Server thread/INFO]: ThreadedAnvilChunkStorage: All dimensions are saved
